<?xml version="1.0" encoding="UTF-8"?>
<!-- Generated by org.testng.reporters.JUnitReportReporter -->
<testsuite hostname="Mallappa-Bilhar" failures="0" tests="2" name="com.testngdemo.TestNG" time="14.253" errors="0" timestamp="2022-03-30T17:28:28 IST" skipped="0">
  <testcase classname="com.testngdemo.TestNG" name="verifyPageTitleTest" time="5.726"/>
  <system-out/>
  <testcase classname="com.testngdemo.TestNG" name="verifyFreeCRMLogoTest" time="8.527"/>
  <system-out/>
</testsuite> <!-- com.testngdemo.TestNG -->
